<?xml version="1.0" encoding="UTF-8"?>
<!-- Generated by org.testng.reporters.JUnitReportReporter -->
<testsuite hostname="DESKTOP-9MNIE8U" failures="0" tests="1" name="Java_Project.ReverseNumber" time="0.014" errors="0" timestamp="2023-05-27T18:02:20 IST" skipped="0">
  <testcase classname="Java_Project.ReverseNumber" name="numberReverse" time="0.014"/>
  <system-out/>
</testsuite> <!-- Java_Project.ReverseNumber -->
