<?xml version="1.0" encoding="UTF-8"?>
<!-- Generated by org.testng.reporters.JUnitReportReporter -->
<testsuite hostname="DESKTOP-9MNIE8U" failures="0" tests="1" name="Java_Project.ReverseString" time="0.012" errors="0" timestamp="2023-05-27T13:12:32 IST" skipped="0">
  <testcase classname="Java_Project.ReverseString" name="stringReverse" time="0.012"/>
  <system-out/>
</testsuite> <!-- Java_Project.ReverseString -->
